[32m [LOGGER]  25-04-18 20:16:27  info : Running Case 16: Place Order: Login before Checkout[39m
[32m [LOGGER]  25-04-18 20:16:27  info : Running Case 6: Contact Us Form[39m
[32m [LOGGER]  25-04-18 20:16:27  info : Running Case 16: Place Order: Login before Checkout[39m
[32m [LOGGER]  25-04-18 20:16:27  info : Finished Case 16: Place Order: Login before Checkout with status failed[39m
[32m [LOGGER]  25-04-18 20:16:27  info : Did not run as expected, ended up at about:blank[39m
[32m [LOGGER]  25-04-18 20:16:27  info : Finished Case 6: Contact Us Form with status failed[39m
[32m [LOGGER]  25-04-18 20:16:27  info : Finished Case 16: Place Order: Login before Checkout with status failed[39m
[32m [LOGGER]  25-04-18 20:16:27  info : Did not run as expected, ended up at about:blank[39m
[32m [LOGGER]  25-04-18 20:16:27  info : Did not run as expected, ended up at about:blank[39m
[32m [LOGGER]  25-04-18 20:16:30  info : Running Case 17: Remove Products From Cart[39m
[32m [LOGGER]  25-04-18 20:16:30  info : Running Case 7: Verify Test Cases Page[39m
[32m [LOGGER]  25-04-18 20:16:30  info : Running Case 17: Remove Products From Cart[39m
[32m [LOGGER]  25-04-18 20:16:30  info : Finished Case 17: Remove Products From Cart with status failed[39m
[32m [LOGGER]  25-04-18 20:16:30  info : Did not run as expected, ended up at about:blank[39m
[32m [LOGGER]  25-04-18 20:16:30  info : Finished Case 7: Verify Test Cases Page with status failed[39m
[32m [LOGGER]  25-04-18 20:16:30  info : Finished Case 17: Remove Products From Cart with status failed[39m
[32m [LOGGER]  25-04-18 20:16:30  info : Did not run as expected, ended up at about:blank[39m
[32m [LOGGER]  25-04-18 20:16:30  info : Did not run as expected, ended up at about:blank[39m
[32m [LOGGER]  25-04-18 20:16:32  info : Running Case 18: View Category Products[39m
[32m [LOGGER]  25-04-18 20:16:32  info : Running Case 8: Verify All Products and product detail page[39m
[32m [LOGGER]  25-04-18 20:16:32  info : Running Case 18: View Category Products[39m
[32m [LOGGER]  25-04-18 20:16:32  info : Finished Case 18: View Category Products with status failed[39m
[32m [LOGGER]  25-04-18 20:16:32  info : Did not run as expected, ended up at about:blank[39m
[32m [LOGGER]  25-04-18 20:16:32  info : Finished Case 8: Verify All Products and product detail page with status failed[39m
[32m [LOGGER]  25-04-18 20:16:32  info : Finished Case 18: View Category Products with status failed[39m
[32m [LOGGER]  25-04-18 20:16:32  info : Did not run as expected, ended up at about:blank[39m
[32m [LOGGER]  25-04-18 20:16:32  info : Did not run as expected, ended up at about:blank[39m
[32m [LOGGER]  25-04-18 20:16:35  info : Running Case 19: View & Cart Brand Products[39m
[32m [LOGGER]  25-04-18 20:16:35  info : Running Case 19: View & Cart Brand Products[39m
[32m [LOGGER]  25-04-18 20:16:35  info : Running Case 9: Search Product[39m
[32m [LOGGER]  25-04-18 20:16:35  info : Finished Case 19: View & Cart Brand Products with status failed[39m
[32m [LOGGER]  25-04-18 20:16:35  info : Finished Case 19: View & Cart Brand Products with status failed[39m
[32m [LOGGER]  25-04-18 20:16:35  info : Did not run as expected, ended up at about:blank[39m
[32m [LOGGER]  25-04-18 20:16:35  info : Finished Case 9: Search Product with status failed[39m
[32m [LOGGER]  25-04-18 20:16:35  info : Did not run as expected, ended up at about:blank[39m
[32m [LOGGER]  25-04-18 20:16:35  info : Did not run as expected, ended up at about:blank[39m
[32m [LOGGER]  25-04-18 20:16:37  info : Running Case 20: Search Products and Verify Cart After Login[39m
[32m [LOGGER]  25-04-18 20:16:37  info : Running Case 10: Verify Subscription in home page[39m
[32m [LOGGER]  25-04-18 20:16:37  info : Running Case 20: Search Products and Verify Cart After Login[39m
[32m [LOGGER]  25-04-18 20:16:37  info : Finished Case 20: Search Products and Verify Cart After Login with status failed[39m
[32m [LOGGER]  25-04-18 20:16:37  info : Finished Case 10: Verify Subscription in home page with status failed[39m
[32m [LOGGER]  25-04-18 20:16:37  info : Did not run as expected, ended up at about:blank[39m
[32m [LOGGER]  25-04-18 20:16:37  info : Finished Case 20: Search Products and Verify Cart After Login with status failed[39m
[32m [LOGGER]  25-04-18 20:16:37  info : Did not run as expected, ended up at about:blank[39m
[32m [LOGGER]  25-04-18 20:16:37  info : Did not run as expected, ended up at about:blank[39m
[32m [LOGGER]  25-04-18 20:16:40  info : Running Case 21: Add review on product[39m
[32m [LOGGER]  25-04-18 20:16:40  info : Running Case 11: Verify Subscription in Cart page[39m
[32m [LOGGER]  25-04-18 20:16:40  info : Running Case 21: Add review on product[39m
[32m [LOGGER]  25-04-18 20:16:40  info : Finished Case 11: Verify Subscription in Cart page with status failed[39m
[32m [LOGGER]  25-04-18 20:16:40  info : Finished Case 21: Add review on product with status failed[39m
[32m [LOGGER]  25-04-18 20:16:40  info : Finished Case 21: Add review on product with status failed[39m
[32m [LOGGER]  25-04-18 20:16:40  info : Did not run as expected, ended up at about:blank[39m
[32m [LOGGER]  25-04-18 20:16:40  info : Did not run as expected, ended up at about:blank[39m
[32m [LOGGER]  25-04-18 20:16:40  info : Did not run as expected, ended up at about:blank[39m
