[32m [LOGGER]  25-04-19 00:13:42  info : Running Case 21: Add review on product[39m
[32m [LOGGER]  25-04-19 00:13:49  info : Finished Case 21: Add review on product with status passed[39m
[32m [LOGGER]  25-04-19 00:13:49  info : Running Case 22: Add to cart from Recommended items[39m
[32m [LOGGER]  25-04-19 00:13:56  info : Finished Case 22: Add to cart from Recommended items with status passed[39m
[32m [LOGGER]  25-04-19 00:13:56  info : Running Case 23: Verify address details in checkout page[39m
[32m [LOGGER]  25-04-19 00:14:36  info : Running Case 24: Download Invoice after purchase order[39m
[32m [LOGGER]  25-04-19 00:14:43  info : Running Case 24: Download Invoice after purchase order[39m
[32m [LOGGER]  25-04-19 00:14:56  info : Finished Case 23: Verify address details in checkout page with status timedOut[39m
[32m [LOGGER]  25-04-19 00:14:56  info : Did not run as expected, ended up at https://automationexercise.com/login[39m
[32m [LOGGER]  25-04-19 00:14:59  info : Running Case 24: Download Invoice after purchase order[39m
[32m [LOGGER]  25-04-19 00:15:35  info : Finished Case 24: Download Invoice after purchase order with status timedOut[39m
[32m [LOGGER]  25-04-19 00:15:35  info : Did not run as expected, ended up at https://automationexercise.com/login[39m
[32m [LOGGER]  25-04-19 00:15:38  info : Running Case 25: Verify Scroll Up using "Arrow" button and Scroll Down functionality[39m
[32m [LOGGER]  25-04-19 00:15:42  info : Finished Case 25: Verify Scroll Up using "Arrow" button and Scroll Down functionality with status passed[39m
[32m [LOGGER]  25-04-19 00:15:42  info : Running Case 26: Verify Scroll Up without "Arrow" button and Scroll Down functionality[39m
[32m [LOGGER]  25-04-19 00:15:42  info : Finished Case 24: Download Invoice after purchase order with status timedOut[39m
[32m [LOGGER]  25-04-19 00:15:42  info : Did not run as expected, ended up at https://automationexercise.com/login[39m
[32m [LOGGER]  25-04-19 00:15:45  info : Running Case 25: Verify Scroll Up using "Arrow" button and Scroll Down functionality[39m
[32m [LOGGER]  25-04-19 00:15:47  info : Finished Case 26: Verify Scroll Up without "Arrow" button and Scroll Down functionality with status passed[39m
[32m [LOGGER]  25-04-19 00:15:49  info : Finished Case 25: Verify Scroll Up using "Arrow" button and Scroll Down functionality with status passed[39m
[32m [LOGGER]  25-04-19 00:15:49  info : Running Case 26: Verify Scroll Up without "Arrow" button and Scroll Down functionality[39m
[32m [LOGGER]  25-04-19 00:15:54  info : Finished Case 26: Verify Scroll Up without "Arrow" button and Scroll Down functionality with status passed[39m
[32m [LOGGER]  25-04-19 00:15:58  info : Finished Case 24: Download Invoice after purchase order with status timedOut[39m
[32m [LOGGER]  25-04-19 00:15:58  info : Did not run as expected, ended up at https://automationexercise.com/login[39m
[32m [LOGGER]  25-04-19 00:16:01  info : Running Case 25: Verify Scroll Up using "Arrow" button and Scroll Down functionality[39m
[32m [LOGGER]  25-04-19 00:16:07  info : Finished Case 25: Verify Scroll Up using "Arrow" button and Scroll Down functionality with status passed[39m
[32m [LOGGER]  25-04-19 00:16:07  info : Running Case 26: Verify Scroll Up without "Arrow" button and Scroll Down functionality[39m
[32m [LOGGER]  25-04-19 00:16:12  info : Finished Case 26: Verify Scroll Up without "Arrow" button and Scroll Down functionality with status passed[39m
