[32m [LOGGER]  25-04-19 00:57:01  info : Running Case 21: Add review on product[39m
[32m [LOGGER]  25-04-19 00:57:07  info : Finished Case 21: Add review on product with status passed[39m
[32m [LOGGER]  25-04-19 00:57:07  info : Running Case 22: Add to cart from Recommended items[39m
[32m [LOGGER]  25-04-19 00:57:12  info : Finished Case 22: Add to cart from Recommended items with status passed[39m
[32m [LOGGER]  25-04-19 00:57:12  info : Running Case 23: Verify address details in checkout page[39m
[32m [LOGGER]  25-04-19 00:57:45  info : Running Case 24: Download Invoice after purchase order[39m
[32m [LOGGER]  25-04-19 00:57:51  info : Running Case 24: Download Invoice after purchase order[39m
[32m [LOGGER]  25-04-19 00:58:12  info : Finished Case 23: Verify address details in checkout page with status timedOut[39m
[32m [LOGGER]  25-04-19 00:58:12  info : Did not run as expected, ended up at https://automationexercise.com/login[39m
[32m [LOGGER]  25-04-19 00:58:15  info : Running Case 24: Download Invoice after purchase order[39m
[32m [LOGGER]  25-04-19 00:58:44  info : Finished Case 24: Download Invoice after purchase order with status timedOut[39m
[32m [LOGGER]  25-04-19 00:58:44  info : Did not run as expected, ended up at https://automationexercise.com/login[39m
[32m [LOGGER]  25-04-19 00:58:47  info : Running Case 25: Verify Scroll Up using "Arrow" button and Scroll Down functionality[39m
[32m [LOGGER]  25-04-19 00:58:50  info : Finished Case 24: Download Invoice after purchase order with status timedOut[39m
[32m [LOGGER]  25-04-19 00:58:50  info : Did not run as expected, ended up at https://automationexercise.com/login[39m
[32m [LOGGER]  25-04-19 00:58:53  info : Finished Case 25: Verify Scroll Up using "Arrow" button and Scroll Down functionality with status passed[39m
[32m [LOGGER]  25-04-19 00:58:53  info : Running Case 26: Verify Scroll Up without "Arrow" button and Scroll Down functionality[39m
[32m [LOGGER]  25-04-19 00:58:53  info : Running Case 25: Verify Scroll Up using "Arrow" button and Scroll Down functionality[39m
[32m [LOGGER]  25-04-19 00:58:56  info : Finished Case 26: Verify Scroll Up without "Arrow" button and Scroll Down functionality with status passed[39m
[32m [LOGGER]  25-04-19 00:58:57  info : Finished Case 25: Verify Scroll Up using "Arrow" button and Scroll Down functionality with status passed[39m
[32m [LOGGER]  25-04-19 00:58:57  info : Running Case 26: Verify Scroll Up without "Arrow" button and Scroll Down functionality[39m
[32m [LOGGER]  25-04-19 00:59:03  info : Finished Case 26: Verify Scroll Up without "Arrow" button and Scroll Down functionality with status passed[39m
[32m [LOGGER]  25-04-19 00:59:14  info : Finished Case 24: Download Invoice after purchase order with status timedOut[39m
[32m [LOGGER]  25-04-19 00:59:14  info : Did not run as expected, ended up at https://automationexercise.com/login[39m
[32m [LOGGER]  25-04-19 00:59:17  info : Running Case 25: Verify Scroll Up using "Arrow" button and Scroll Down functionality[39m
[32m [LOGGER]  25-04-19 00:59:22  info : Finished Case 25: Verify Scroll Up using "Arrow" button and Scroll Down functionality with status passed[39m
[32m [LOGGER]  25-04-19 00:59:22  info : Running Case 26: Verify Scroll Up without "Arrow" button and Scroll Down functionality[39m
[32m [LOGGER]  25-04-19 00:59:26  info : Finished Case 26: Verify Scroll Up without "Arrow" button and Scroll Down functionality with status passed[39m
